  main.c
a:\documents\github\mssc\main.c(51): warning C4550: expression evaluates to a function which is missing an argument list
a:\documents\github\mssc\main.c(95): error C2065: 'pthread_t': undeclared identifier
a:\documents\github\mssc\main.c(95): error C2146: syntax error: missing ';' before identifier 'tid'
a:\documents\github\mssc\main.c(95): error C2065: 'tid': undeclared identifier
a:\documents\github\mssc\main.c(95): error C2109: subscript requires array or pointer type
a:\documents\github\mssc\main.c(100): warning C4013: 'pthread_create' undefined; assuming extern returning int
a:\documents\github\mssc\main.c(100): error C2065: 'tid': undeclared identifier
a:\documents\github\mssc\main.c(100): error C2109: subscript requires array or pointer type
a:\documents\github\mssc\main.c(105): error C2065: 'tid': undeclared identifier
a:\documents\github\mssc\main.c(105): error C2109: subscript requires array or pointer type
a:\documents\github\mssc\main.c(109): error C2065: 'tid': undeclared identifier
a:\documents\github\mssc\main.c(109): error C2109: subscript requires array or pointer type
a:\documents\github\mssc\main.c(162): warning C4047: 'return': 'void *' differs in levels of indirection from 'int'
a:\documents\github\mssc\main.c(176): warning C4996: 'fopen': This function or variable may be unsafe. Consider using fopen_s instead. To disable deprecation, use _CRT_SECURE_NO_WARNINGS. See online help for details.
  c:\program files (x86)\windows kits\10\include\10.0.17134.0\ucrt\stdio.h(208): note: see declaration of 'fopen'
a:\documents\github\mssc\main.c(211): error C2084: function 'void *check_subgrid(void *)' already has a body
  a:\documents\github\mssc\main.c(141): note: see previous definition of 'check_subgrid'
a:\documents\github\mssc\main.c(230): warning C4047: 'return': 'void *' differs in levels of indirection from 'int'
a:\documents\github\mssc\main.c(261): warning C4047: 'return': 'void *' differs in levels of indirection from 'int'
a:\documents\github\mssc\main.c(292): warning C4047: 'return': 'void *' differs in levels of indirection from 'int'
a:\documents\github\mssc\main.c(297): warning C4477: 'printf' : format string '%d' requires an argument of type 'int', but variadic argument 1 has type 'double'
